2025-04-07 00:39:16.077 [info] [main] Log level: Info
2025-04-07 00:39:16.077 [info] [main] Validating found git in: "git"
2025-04-07 00:39:16.077 [info] [main] Using git "2.49.0" from "git"
2025-04-07 00:39:16.077 [info] [Model][doInitialScan] Initial repository scan started
2025-04-07 00:39:16.077 [info] > git rev-parse --show-toplevel [422ms]
2025-04-07 00:39:16.077 [info] fatal: not a git repository (or any of the parent directories): .git
2025-04-07 00:39:16.077 [info] > git rev-parse --show-toplevel [68ms]
2025-04-07 00:39:16.077 [info] fatal: not a git repository (or any of the parent directories): .git
2025-04-07 00:39:16.079 [info] > git rev-parse --show-toplevel [3ms]
2025-04-07 00:39:16.079 [info] fatal: not a git repository (or any of the parent directories): .git
2025-04-07 00:39:16.108 [info] > git rev-parse --show-toplevel [4ms]
2025-04-07 00:39:16.108 [info] fatal: not a git repository (or any of the parent directories): .git
2025-04-07 00:39:16.127 [info] > git rev-parse --show-toplevel [9ms]
2025-04-07 00:39:16.127 [info] fatal: not a git repository (or any of the parent directories): .git
2025-04-07 00:39:16.139 [info] > git rev-parse --show-toplevel [2ms]
2025-04-07 00:39:16.139 [info] fatal: not a git repository (or any of the parent directories): .git
2025-04-07 00:39:16.146 [info] > git rev-parse --show-toplevel [1ms]
2025-04-07 00:39:16.146 [info] fatal: not a git repository (or any of the parent directories): .git
2025-04-07 00:39:16.152 [info] > git rev-parse --show-toplevel [1ms]
2025-04-07 00:39:16.152 [info] fatal: not a git repository (or any of the parent directories): .git
2025-04-07 00:39:16.158 [info] > git rev-parse --show-toplevel [1ms]
2025-04-07 00:39:16.159 [info] fatal: not a git repository (or any of the parent directories): .git
2025-04-07 00:39:16.159 [info] [Model][doInitialScan] Initial repository scan completed - repositories (0), closed repositories (0), parent repositories (0), unsafe repositories (0)
2025-04-07 00:39:23.857 [info] > git rev-parse --show-toplevel [3ms]
2025-04-07 00:39:23.857 [info] fatal: not a git repository (or any of the parent directories): .git
