2025-04-04 13:15:21.928 [info] [main] Log level: Info
2025-04-04 13:15:21.928 [info] [main] Validating found git in: "git"
2025-04-04 13:15:21.928 [info] [main] Using git "2.49.0" from "git"
2025-04-04 13:15:21.928 [info] [Model][doInitialScan] Initial repository scan started
2025-04-04 13:15:21.928 [info] [Model][doInitialScan] Initial repository scan completed - repositories (0), closed repositories (0), parent repositories (0), unsafe repositories (0)
2025-04-04 13:15:45.807 [info] [main] Log level: Info
2025-04-04 13:15:45.807 [info] [main] Validating found git in: "git"
2025-04-04 13:15:45.807 [info] [main] Using git "2.49.0" from "git"
2025-04-04 13:15:45.807 [info] [Model][doInitialScan] Initial repository scan started
2025-04-04 13:15:45.807 [info] > git rev-parse --show-toplevel [14ms]
2025-04-04 13:15:45.807 [info] fatal: not a git repository (or any of the parent directories): .git
2025-04-04 13:15:45.892 [info] > git rev-parse --show-toplevel [80ms]
2025-04-04 13:15:45.892 [info] fatal: not a git repository (or any of the parent directories): .git
2025-04-04 13:15:45.928 [info] > git rev-parse --show-toplevel [13ms]
2025-04-04 13:15:45.928 [info] fatal: not a git repository (or any of the parent directories): .git
2025-04-04 13:15:45.937 [info] > git rev-parse --show-toplevel [2ms]
2025-04-04 13:15:45.937 [info] fatal: not a git repository (or any of the parent directories): .git
2025-04-04 13:15:45.949 [info] > git rev-parse --show-toplevel [2ms]
2025-04-04 13:15:45.949 [info] fatal: not a git repository (or any of the parent directories): .git
2025-04-04 13:15:45.960 [info] > git rev-parse --show-toplevel [2ms]
2025-04-04 13:15:45.960 [info] fatal: not a git repository (or any of the parent directories): .git
2025-04-04 13:15:45.968 [info] > git rev-parse --show-toplevel [2ms]
2025-04-04 13:15:45.968 [info] fatal: not a git repository (or any of the parent directories): .git
2025-04-04 13:15:45.983 [info] > git rev-parse --show-toplevel [7ms]
2025-04-04 13:15:45.983 [info] fatal: not a git repository (or any of the parent directories): .git
2025-04-04 13:15:45.984 [info] [Model][doInitialScan] Initial repository scan completed - repositories (0), closed repositories (0), parent repositories (0), unsafe repositories (0)
2025-04-04 13:15:46.256 [info] > git rev-parse --show-toplevel [2ms]
2025-04-04 13:15:46.256 [info] fatal: not a git repository (or any of the parent directories): .git
2025-04-04 13:28:11.680 [info] > git rev-parse --show-toplevel [2ms]
2025-04-04 13:28:11.680 [info] fatal: not a git repository (or any of the parent directories): .git
2025-04-04 13:28:14.672 [info] > git rev-parse --show-toplevel [7ms]
2025-04-04 13:28:14.673 [info] fatal: not a git repository (or any of the parent directories): .git
2025-04-04 13:28:14.690 [info] > git rev-parse --show-toplevel [4ms]
2025-04-04 13:28:14.691 [info] fatal: not a git repository (or any of the parent directories): .git
2025-04-04 13:28:14.701 [info] > git rev-parse --show-toplevel [2ms]
2025-04-04 13:28:14.701 [info] fatal: not a git repository (or any of the parent directories): .git
2025-04-04 13:28:35.392 [info] > git rev-parse --show-toplevel [5ms]
2025-04-04 13:28:35.392 [info] fatal: not a git repository (or any of the parent directories): .git
2025-04-04 13:28:35.461 [info] > git rev-parse --show-toplevel [6ms]
2025-04-04 13:28:35.461 [info] fatal: not a git repository (or any of the parent directories): .git
2025-04-04 13:28:45.473 [info] > git rev-parse --show-toplevel [3ms]
2025-04-04 13:28:45.473 [info] fatal: not a git repository (or any of the parent directories): .git
2025-04-04 13:28:48.758 [info] > git rev-parse --show-toplevel [2ms]
2025-04-04 13:28:48.758 [info] fatal: not a git repository (or any of the parent directories): .git
2025-04-04 13:28:51.393 [info] > git rev-parse --show-toplevel [13ms]
2025-04-04 13:28:51.394 [info] fatal: not a git repository (or any of the parent directories): .git
2025-04-04 13:28:51.415 [info] > git rev-parse --show-toplevel [3ms]
2025-04-04 13:28:51.415 [info] fatal: not a git repository (or any of the parent directories): .git
2025-04-04 13:28:51.434 [info] > git rev-parse --show-toplevel [3ms]
2025-04-04 13:28:51.434 [info] fatal: not a git repository (or any of the parent directories): .git
2025-04-04 13:29:06.907 [info] > git rev-parse --show-toplevel [4ms]
2025-04-04 13:29:06.907 [info] fatal: not a git repository (or any of the parent directories): .git
2025-04-04 13:29:06.943 [info] > git rev-parse --show-toplevel [7ms]
2025-04-04 13:29:06.943 [info] fatal: not a git repository (or any of the parent directories): .git
