2025-04-04 13:13:32.277 [info] [main] Log level: Info
2025-04-04 13:13:32.277 [info] [main] Validating found git in: "git"
2025-04-04 13:13:32.318 [info] [main] Using git "2.49.0" from "git"
2025-04-04 13:13:32.318 [info] [Model][doInitialScan] Initial repository scan started
2025-04-04 13:13:32.344 [info] > git rev-parse --show-toplevel [11ms]
2025-04-04 13:13:32.344 [info] fatal: not a git repository (or any of the parent directories): .git
2025-04-04 13:13:32.917 [info] > git rev-parse --show-toplevel [164ms]
2025-04-04 13:13:32.917 [info] fatal: not a git repository (or any of the parent directories): .git
2025-04-04 13:13:32.955 [info] > git rev-parse --show-toplevel [3ms]
2025-04-04 13:13:32.955 [info] fatal: not a git repository (or any of the parent directories): .git
2025-04-04 13:13:32.991 [info] > git rev-parse --show-toplevel [17ms]
2025-04-04 13:13:32.991 [info] fatal: not a git repository (or any of the parent directories): .git
2025-04-04 13:13:32.991 [info] [Model][doInitialScan] Initial repository scan completed - repositories (0), closed repositories (0), parent repositories (0), unsafe repositories (0)
2025-04-04 13:13:33.391 [info] > git rev-parse --show-toplevel [1ms]
2025-04-04 13:13:33.391 [info] fatal: not a git repository (or any of the parent directories): .git
2025-04-04 13:15:06.537 [info] > git rev-parse --show-toplevel [1ms]
2025-04-04 13:15:06.537 [info] fatal: not a git repository (or any of the parent directories): .git
2025-04-04 13:15:06.550 [info] > git rev-parse --show-toplevel [1ms]
2025-04-04 13:15:06.550 [info] fatal: not a git repository (or any of the parent directories): .git
2025-04-04 13:15:08.695 [info] > git rev-parse --show-toplevel [3ms]
2025-04-04 13:15:08.695 [info] fatal: not a git repository (or any of the parent directories): .git
2025-04-04 13:15:13.813 [info] > git rev-parse --show-toplevel [10ms]
2025-04-04 13:15:13.813 [info] fatal: not a git repository (or any of the parent directories): .git
2025-04-04 13:15:13.831 [info] > git rev-parse --show-toplevel [3ms]
2025-04-04 13:15:13.831 [info] fatal: not a git repository (or any of the parent directories): .git
2025-04-04 13:15:14.526 [info] > git rev-parse --show-toplevel [3ms]
2025-04-04 13:15:14.526 [info] fatal: not a git repository (or any of the parent directories): .git
