2025-04-05 10:15:52.609 [info] [main] Log level: Info
2025-04-05 10:15:52.609 [info] [main] Validating found git in: "git"
2025-04-05 10:15:52.644 [info] [main] Using git "2.49.0" from "git"
2025-04-05 10:15:52.644 [info] [Model][doInitialScan] Initial repository scan started
2025-04-05 10:15:52.665 [info] > git rev-parse --show-toplevel [7ms]
2025-04-05 10:15:52.665 [info] fatal: not a git repository (or any of the parent directories): .git
2025-04-05 10:15:52.976 [info] > git rev-parse --show-toplevel [2ms]
2025-04-05 10:15:52.976 [info] fatal: not a git repository (or any of the parent directories): .git
2025-04-05 10:15:52.984 [info] > git rev-parse --show-toplevel [1ms]
2025-04-05 10:15:52.985 [info] fatal: not a git repository (or any of the parent directories): .git
2025-04-05 10:15:52.991 [info] > git rev-parse --show-toplevel [1ms]
2025-04-05 10:15:52.992 [info] fatal: not a git repository (or any of the parent directories): .git
2025-04-05 10:15:52.997 [info] > git rev-parse --show-toplevel [1ms]
2025-04-05 10:15:52.997 [info] fatal: not a git repository (or any of the parent directories): .git
2025-04-05 10:15:53.003 [info] > git rev-parse --show-toplevel [1ms]
2025-04-05 10:15:53.003 [info] fatal: not a git repository (or any of the parent directories): .git
2025-04-05 10:15:53.009 [info] > git rev-parse --show-toplevel [0ms]
2025-04-05 10:15:53.009 [info] fatal: not a git repository (or any of the parent directories): .git
2025-04-05 10:15:53.009 [info] [Model][doInitialScan] Initial repository scan completed - repositories (0), closed repositories (0), parent repositories (0), unsafe repositories (0)
2025-04-05 10:15:54.009 [info] > git rev-parse --show-toplevel [3ms]
2025-04-05 10:15:54.009 [info] fatal: not a git repository (or any of the parent directories): .git
2025-04-05 10:15:56.527 [info] > git rev-parse --show-toplevel [3ms]
2025-04-05 10:15:56.527 [info] fatal: not a git repository (or any of the parent directories): .git
2025-04-05 10:15:59.285 [info] > git rev-parse --show-toplevel [1ms]
2025-04-05 10:15:59.285 [info] fatal: not a git repository (or any of the parent directories): .git
2025-04-05 10:16:03.802 [info] > git rev-parse --show-toplevel [4ms]
2025-04-05 10:16:03.802 [info] fatal: not a git repository (or any of the parent directories): .git
2025-04-05 10:16:03.813 [info] > git rev-parse --show-toplevel [2ms]
2025-04-05 10:16:03.813 [info] fatal: not a git repository (or any of the parent directories): .git
2025-04-05 10:16:03.819 [info] > git rev-parse --show-toplevel [1ms]
2025-04-05 10:16:03.819 [info] fatal: not a git repository (or any of the parent directories): .git
2025-04-05 10:16:27.559 [info] > git rev-parse --show-toplevel [2ms]
2025-04-05 10:16:27.559 [info] fatal: not a git repository (or any of the parent directories): .git
2025-04-05 10:16:27.583 [info] > git rev-parse --show-toplevel [3ms]
2025-04-05 10:16:27.583 [info] fatal: not a git repository (or any of the parent directories): .git
