2025-03-27 13:37:46.841 [info] Extension host with pid 41390 started
2025-03-27 13:37:46.841 [info] Skipping acquiring lock for ~/.config/Code - OSS/User/workspaceStorage/43a892440f172a5c40040343e4bd1d21.
2025-03-27 13:37:46.945 [info] ExtensionService#_doActivateExtension vscode.emmet, startup: false, activationEvent: 'onLanguage'
2025-03-27 13:37:47.007 [info] ExtensionService#_doActivateExtension vscode.typescript-language-features, startup: false, activationEvent: 'onLanguage:javascript'
2025-03-27 13:37:47.286 [info] ExtensionService#_doActivateExtension vscode.git-base, startup: true, activationEvent: '*', root cause: vscode.git
2025-03-27 13:37:47.298 [info] ExtensionService#_doActivateExtension vscode.git, startup: true, activationEvent: '*'
2025-03-27 13:37:47.386 [info] ExtensionService#_doActivateExtension vscode.github, startup: true, activationEvent: '*'
2025-03-27 13:37:47.455 [info] Eager extensions activated
2025-03-27 13:37:47.480 [info] ExtensionService#_doActivateExtension vscode.debug-auto-launch, startup: false, activationEvent: 'onStartupFinished'
2025-03-27 13:37:47.518 [info] ExtensionService#_doActivateExtension vscode.merge-conflict, startup: false, activationEvent: 'onStartupFinished'
2025-03-27 13:37:47.554 [info] ExtensionService#_doActivateExtension dbaeumer.vscode-eslint, startup: false, activationEvent: 'onStartupFinished'
2025-03-27 13:37:47.595 [info] ExtensionService#_doActivateExtension esbenp.prettier-vscode, startup: false, activationEvent: 'onStartupFinished'
2025-03-27 13:37:47.711 [info] ExtensionService#_doActivateExtension vscodevim.vim, startup: false, activationEvent: 'onStartupFinished'
2025-03-27 13:39:19.084 [info] Extension host terminating: renderer closed the MessagePort
2025-03-27 13:39:19.171 [info] Extension host with pid 41390 exiting with code 0
2025-03-27 13:39:20.950 [info] Extension host with pid 41728 started
2025-03-27 13:39:20.950 [info] Skipping acquiring lock for ~/.config/Code - OSS/User/workspaceStorage/2f250c56090b5bdc69b2edaa93962703.
2025-03-27 13:39:20.968 [info] ExtensionService#_doActivateExtension vscode.git-base, startup: true, activationEvent: '*', root cause: vscode.git
2025-03-27 13:39:20.974 [info] ExtensionService#_doActivateExtension vscode.git, startup: true, activationEvent: '*'
2025-03-27 13:39:21.035 [info] ExtensionService#_doActivateExtension vscode.github, startup: true, activationEvent: '*'
2025-03-27 13:39:21.103 [info] Eager extensions activated
2025-03-27 13:39:21.119 [info] ExtensionService#_doActivateExtension vscode.debug-auto-launch, startup: false, activationEvent: 'onStartupFinished'
2025-03-27 13:39:21.122 [info] ExtensionService#_doActivateExtension vscode.merge-conflict, startup: false, activationEvent: 'onStartupFinished'
2025-03-27 13:39:21.142 [info] ExtensionService#_doActivateExtension dbaeumer.vscode-eslint, startup: false, activationEvent: 'onStartupFinished'
2025-03-27 13:39:21.179 [info] ExtensionService#_doActivateExtension esbenp.prettier-vscode, startup: false, activationEvent: 'onStartupFinished'
2025-03-27 13:39:21.260 [info] ExtensionService#_doActivateExtension vscodevim.vim, startup: false, activationEvent: 'onStartupFinished'
2025-03-27 13:39:42.441 [info] Extension host terminating: renderer closed the MessagePort
2025-03-27 13:39:42.469 [info] Extension host with pid 41728 exiting with code 0
2025-03-27 13:39:43.894 [info] Extension host with pid 41828 started
2025-03-27 13:39:43.895 [info] Skipping acquiring lock for ~/.config/Code - OSS/User/workspaceStorage/8e36d207d15d8705e1eab70559648a85.
2025-03-27 13:39:43.909 [info] ExtensionService#_doActivateExtension vscode.git-base, startup: true, activationEvent: '*', root cause: vscode.git
2025-03-27 13:39:43.919 [info] ExtensionService#_doActivateExtension vscode.git, startup: true, activationEvent: '*'
2025-03-27 13:39:44.003 [info] ExtensionService#_doActivateExtension vscode.github, startup: true, activationEvent: '*'
2025-03-27 13:39:44.060 [info] Eager extensions activated
2025-03-27 13:39:44.077 [info] ExtensionService#_doActivateExtension vscode.debug-auto-launch, startup: false, activationEvent: 'onStartupFinished'
2025-03-27 13:39:44.080 [info] ExtensionService#_doActivateExtension vscode.merge-conflict, startup: false, activationEvent: 'onStartupFinished'
2025-03-27 13:39:44.099 [info] ExtensionService#_doActivateExtension dbaeumer.vscode-eslint, startup: false, activationEvent: 'onStartupFinished'
2025-03-27 13:39:44.136 [info] ExtensionService#_doActivateExtension esbenp.prettier-vscode, startup: false, activationEvent: 'onStartupFinished'
2025-03-27 13:39:44.200 [info] ExtensionService#_doActivateExtension vscodevim.vim, startup: false, activationEvent: 'onStartupFinished'
2025-03-27 13:39:46.427 [info] ExtensionService#_doActivateExtension vscode.extension-editing, startup: false, activationEvent: 'onLanguage:markdown'
2025-03-27 13:39:46.452 [info] ExtensionService#_doActivateExtension vscode.markdown-language-features, startup: false, activationEvent: 'onLanguage:markdown'
2025-03-27 13:39:46.578 [info] ExtensionService#_doActivateExtension vscode.emmet, startup: false, activationEvent: 'onLanguage'
2025-03-27 13:39:47.109 [info] ExtensionService#_doActivateExtension vscode.markdown-math, startup: false, activationEvent: 'api', root cause: vscode.markdown-language-features
2025-03-27 13:41:29.705 [info] Extension host terminating: renderer closed the MessagePort
2025-03-27 13:41:29.754 [info] Extension host with pid 41828 exiting with code 0
2025-03-27 13:41:31.688 [info] Extension host with pid 42081 started
2025-03-27 13:41:31.688 [info] Skipping acquiring lock for ~/.config/Code - OSS/User/workspaceStorage/43a892440f172a5c40040343e4bd1d21.
2025-03-27 13:41:31.689 [info] ExtensionService#_doActivateExtension vscode.emmet, startup: false, activationEvent: 'onLanguage'
2025-03-27 13:41:31.728 [info] ExtensionService#_doActivateExtension vscode.typescript-language-features, startup: false, activationEvent: 'onLanguage:javascript'
2025-03-27 13:41:32.020 [info] ExtensionService#_doActivateExtension vscode.git-base, startup: true, activationEvent: '*', root cause: vscode.git
2025-03-27 13:41:32.041 [info] ExtensionService#_doActivateExtension vscode.git, startup: true, activationEvent: '*'
2025-03-27 13:41:32.154 [info] ExtensionService#_doActivateExtension vscode.github, startup: true, activationEvent: '*'
2025-03-27 13:41:32.217 [info] Eager extensions activated
2025-03-27 13:41:32.242 [info] ExtensionService#_doActivateExtension vscode.debug-auto-launch, startup: false, activationEvent: 'onStartupFinished'
2025-03-27 13:41:32.245 [info] ExtensionService#_doActivateExtension vscode.merge-conflict, startup: false, activationEvent: 'onStartupFinished'
2025-03-27 13:41:32.274 [info] ExtensionService#_doActivateExtension dbaeumer.vscode-eslint, startup: false, activationEvent: 'onStartupFinished'
2025-03-27 13:41:32.319 [info] ExtensionService#_doActivateExtension esbenp.prettier-vscode, startup: false, activationEvent: 'onStartupFinished'
2025-03-27 13:41:32.427 [info] ExtensionService#_doActivateExtension vscodevim.vim, startup: false, activationEvent: 'onStartupFinished'
2025-03-27 13:41:48.085 [info] Extension host terminating: renderer closed the MessagePort
2025-03-27 13:41:48.152 [info] Extension host with pid 42081 exiting with code 0
