2025-03-24 04:09:20.130 [info] [main] Log level: Info
2025-03-24 04:09:20.130 [info] [main] Validating found git in: "git"
2025-03-24 04:09:20.130 [info] [main] Using git "2.49.0" from "git"
2025-03-24 04:09:20.130 [info] [Model][doInitialScan] Initial repository scan started
2025-03-24 04:09:20.130 [info] > git rev-parse --show-toplevel [6ms]
2025-03-24 04:09:20.130 [info] fatal: not a git repository (or any of the parent directories): .git
2025-03-24 04:09:20.130 [info] > git rev-parse --show-toplevel [9ms]
2025-03-24 04:09:20.130 [info] fatal: not a git repository (or any of the parent directories): .git
2025-03-24 04:09:20.136 [info] > git rev-parse --show-toplevel [2ms]
2025-03-24 04:09:20.136 [info] fatal: not a git repository (or any of the parent directories): .git
2025-03-24 04:09:20.137 [info] [Model][doInitialScan] Initial repository scan completed - repositories (0), closed repositories (0), parent repositories (0), unsafe repositories (0)
2025-03-24 04:09:21.592 [info] > git rev-parse --show-toplevel [1ms]
2025-03-24 04:09:21.592 [info] fatal: not a git repository (or any of the parent directories): .git
2025-03-24 04:09:26.797 [info] > git rev-parse --show-toplevel [2ms]
2025-03-24 04:09:26.797 [info] fatal: not a git repository (or any of the parent directories): .git
2025-03-24 04:09:31.628 [info] > git rev-parse --show-toplevel [3ms]
2025-03-24 04:09:31.628 [info] fatal: not a git repository (or any of the parent directories): .git
2025-03-24 04:09:32.225 [info] > git rev-parse --show-toplevel [4ms]
2025-03-24 04:09:32.225 [info] fatal: not a git repository (or any of the parent directories): .git
2025-03-24 04:09:32.738 [info] > git rev-parse --show-toplevel [4ms]
2025-03-24 04:09:32.738 [info] fatal: not a git repository (or any of the parent directories): .git
2025-03-24 04:09:34.226 [info] > git rev-parse --show-toplevel [2ms]
2025-03-24 04:09:34.226 [info] fatal: not a git repository (or any of the parent directories): .git
2025-03-24 04:09:40.837 [info] > git rev-parse --show-toplevel [2ms]
2025-03-24 04:09:40.838 [info] fatal: not a git repository (or any of the parent directories): .git
2025-03-24 04:09:41.264 [info] > git rev-parse --show-toplevel [1ms]
2025-03-24 04:09:41.264 [info] fatal: not a git repository (or any of the parent directories): .git
2025-03-24 04:09:44.692 [info] > git rev-parse --show-toplevel [2ms]
2025-03-24 04:09:44.692 [info] fatal: not a git repository (or any of the parent directories): .git
2025-03-24 04:09:46.653 [info] > git rev-parse --show-toplevel [2ms]
2025-03-24 04:09:46.653 [info] fatal: not a git repository (or any of the parent directories): .git
2025-03-24 04:09:48.501 [info] > git rev-parse --show-toplevel [3ms]
2025-03-24 04:09:48.501 [info] fatal: not a git repository (or any of the parent directories): .git
