2024-11-02 18:28:33 Loading main app package /app/resources/obsidian.asar
2024-11-02 18:28:34 Checking for update using Github
2024-11-02 18:28:34 Success.
2024-11-02 18:28:34 Latest version is 1.7.4
2024-11-02 18:28:34 App is up to date.
2024-11-02 18:29:22 Loading main app package /app/resources/obsidian.asar
2024-11-02 18:29:22 Checking for update using Github
2024-11-02 18:29:22 Success.
2024-11-02 18:29:22 Latest version is 1.7.4
2024-11-02 18:29:22 App is up to date.
2024-11-07 23:34:46 Loading main app package /app/resources/obsidian.asar
2024-11-07 23:34:46 Checking for update using Github
2024-11-07 23:34:46 Success.
2024-11-07 23:34:46 Latest version is 1.7.5
2024-11-07 23:34:46 Downloading update from https://github.com/obsidianmd/obsidian-releases/releases/download/v1.7.5/obsidian-1.7.5.asar.gz
2024-11-07 23:34:48 Verifying hash & signature. Size= 8056498
2024-11-07 23:34:48 Saving file
2024-11-07 23:34:48 Update complete.
2024-11-09 22:19:52 Loading updated app package ~/.var/app/md.obsidian.Obsidian/config/obsidian/obsidian-1.7.5.asar
2024-11-09 22:19:52 Checking for update using Github
2024-11-09 22:19:52 Success.
2024-11-09 22:19:52 Latest version is 1.7.5
2024-11-09 22:19:52 App is up to date.
2024-11-14 14:11:41 Loading updated app package ~/.var/app/md.obsidian.Obsidian/config/obsidian/obsidian-1.7.5.asar
2024-11-14 14:11:41 Checking for update using Github
2024-11-14 14:11:41 Success.
2024-11-14 14:11:41 Latest version is 1.7.6
2024-11-14 14:11:41 Downloading update from https://github.com/obsidianmd/obsidian-releases/releases/download/v1.7.6/obsidian-1.7.6.asar.gz
2024-11-14 14:11:45 Verifying hash & signature. Size= 8000010
2024-11-14 14:11:45 Saving file
2024-11-14 14:11:45 Update complete.
2024-11-14 14:15:59 Loading updated app package ~/.var/app/md.obsidian.Obsidian/config/obsidian/obsidian-1.7.6.asar
2024-11-14 14:15:59 Checking for update using Github
2024-11-14 14:15:59 Success.
2024-11-14 14:15:59 Latest version is 1.7.6
2024-11-14 14:15:59 App is up to date.
2024-11-17 07:21:15 Loading updated app package ~/.var/app/md.obsidian.Obsidian/config/obsidian/obsidian-1.7.6.asar
2024-11-17 07:21:15 Checking for update using Github
2024-11-17 07:21:15 Success.
2024-11-17 07:21:15 Latest version is 1.7.6
2024-11-17 07:21:15 App is up to date.
2024-11-18 07:44:04 Loading updated app package ~/.var/app/md.obsidian.Obsidian/config/obsidian/obsidian-1.7.6.asar
2024-11-18 07:44:04 Checking for update using Github
2024-11-18 07:44:04 Success.
2024-11-18 07:44:04 Latest version is 1.7.6
2024-11-18 07:44:04 App is up to date.
2024-11-18 23:20:37 Loading updated app package ~/.var/app/md.obsidian.Obsidian/config/obsidian/obsidian-1.7.6.asar
2024-11-18 23:20:37 Checking for update using Github
2024-11-18 23:20:37 Success.
2024-11-18 23:20:37 Latest version is 1.7.7
2024-11-18 23:20:37 Downloading update from https://github.com/obsidianmd/obsidian-releases/releases/download/v1.7.7/obsidian-1.7.7.asar.gz
2024-11-18 23:20:38 Verifying hash & signature. Size= 8000009
2024-11-18 23:20:38 Saving file
2024-11-18 23:20:39 Update complete.
2024-12-05 04:16:13 Loading main app package /app/resources/obsidian.asar
2024-12-05 04:16:13 Checking for update using Github
2024-12-05 04:16:13 Success.
2024-12-05 04:16:13 Latest version is 1.7.7
2024-12-05 04:16:13 App is up to date.
2024-12-07 03:15:53 Loading main app package /app/resources/obsidian.asar
2024-12-07 03:15:53 Checking for update using Github
2024-12-07 03:15:53 Success.
2024-12-07 03:15:53 Latest version is 1.7.7
2024-12-07 03:15:53 App is up to date.
2024-12-07 05:20:53 Loading main app package /app/resources/obsidian.asar
2024-12-07 05:20:54 Checking for update using Github
2024-12-07 05:20:54 Success.
2024-12-07 05:20:54 Latest version is 1.7.7
2024-12-07 05:20:54 App is up to date.
2024-12-09 17:33:38 Loading main app package /app/resources/obsidian.asar
2024-12-09 17:33:39 Checking for update using Github
2024-12-09 17:33:39 Success.
2024-12-09 17:33:39 Latest version is 1.7.7
2024-12-09 17:33:39 App is up to date.
2024-12-10 02:21:10 Checking for update using Github
2024-12-10 02:21:10 Success.
2024-12-10 02:21:10 Latest version is 1.7.7
2024-12-10 02:21:10 App is up to date.
2024-12-10 03:21:10 Checking for update using Github
2024-12-10 03:21:10 Success.
2024-12-10 03:21:10 Latest version is 1.7.7
2024-12-10 03:21:10 App is up to date.
2024-12-10 04:21:10 Checking for update using Github
2024-12-10 04:21:10 Success.
2024-12-10 04:21:10 Latest version is 1.7.7
2024-12-10 04:21:10 App is up to date.
2024-12-10 23:27:37 Loading main app package /app/resources/obsidian.asar
2024-12-10 23:27:37 Checking for update using Github
2024-12-10 23:27:37 Success.
2024-12-10 23:27:37 Latest version is 1.7.7
2024-12-10 23:27:37 App is up to date.
2024-12-11 05:45:06 Loading main app package /app/resources/obsidian.asar
2024-12-11 05:45:06 Checking for update using Github
2024-12-11 05:45:06 Success.
2024-12-11 05:45:06 Latest version is 1.7.7
2024-12-11 05:45:06 App is up to date.
2024-12-11 05:45:27 Loading main app package /app/resources/obsidian.asar
2024-12-11 05:45:27 Checking for update using Github
2024-12-11 05:45:27 Success.
2024-12-11 05:45:27 Latest version is 1.7.7
2024-12-11 05:45:27 App is up to date.
2024-12-13 02:28:38 Loading main app package /app/resources/obsidian.asar
2024-12-13 02:28:38 Checking for update using Github
2024-12-13 02:28:38 Success.
2024-12-13 02:28:38 Latest version is 1.7.7
2024-12-13 02:28:38 App is up to date.
2024-12-21 05:30:26 Loading main app package /app/resources/obsidian.asar
2024-12-21 05:30:26 Checking for update using Github
2024-12-21 05:30:26 Success.
2024-12-21 05:30:26 Latest version is 1.7.7
2024-12-21 05:30:26 App is up to date.
2024-12-21 23:47:57 Loading main app package /app/resources/obsidian.asar
2024-12-21 23:47:57 Checking for update using Github
2024-12-21 23:47:57 Success.
2024-12-21 23:47:57 Latest version is 1.7.7
2024-12-21 23:47:57 App is up to date.
2024-12-22 03:01:55 Loading main app package /app/resources/obsidian.asar
2024-12-22 03:01:55 Checking for update using Github
2024-12-22 03:01:55 Success.
2024-12-22 03:01:55 Latest version is 1.7.7
2024-12-22 03:01:55 App is up to date.
2024-12-22 03:01:57 Loading main app package /app/resources/obsidian.asar
2024-12-22 03:01:58 Checking for update using Github
2024-12-22 03:01:58 Success.
2024-12-22 03:01:58 Latest version is 1.7.7
2024-12-22 03:01:58 App is up to date.
2024-12-22 03:04:20 Loading main app package /app/resources/obsidian.asar
2024-12-22 03:04:21 Checking for update using Github
2024-12-22 03:04:21 Success.
2024-12-22 03:04:21 Latest version is 1.7.7
2024-12-22 03:04:21 App is up to date.
2024-12-22 03:57:42 Loading main app package /app/resources/obsidian.asar
2024-12-22 03:57:42 Checking for update using Github
2024-12-22 03:57:42 Success.
2024-12-22 03:57:42 Latest version is 1.7.7
2024-12-22 03:57:42 App is up to date.
2024-12-22 04:18:17 Loading main app package /app/resources/obsidian.asar
2024-12-22 04:18:17 Checking for update using Github
2024-12-22 04:18:17 Success.
2024-12-22 04:18:17 Latest version is 1.7.7
2024-12-22 04:18:17 App is up to date.
2024-12-28 20:23:54 Loading main app package /app/resources/obsidian.asar
2024-12-28 20:23:54 Checking for update using Github
2024-12-28 20:23:54 Success.
2024-12-28 20:23:54 Latest version is 1.7.7
2024-12-28 20:23:54 App is up to date.
2024-12-28 21:23:54 Checking for update using Github
2024-12-28 21:23:54 Success.
2024-12-28 21:23:54 Latest version is 1.7.7
2024-12-28 21:23:54 App is up to date.
2024-12-28 22:23:54 Checking for update using Github
2024-12-28 22:23:54 Success.
2024-12-28 22:23:54 Latest version is 1.7.7
2024-12-28 22:23:54 App is up to date.
