2025-03-31 09:52:25.430 [info] [main] Log level: Info
2025-03-31 09:52:25.430 [info] [main] Validating found git in: "git"
2025-03-31 09:52:25.430 [info] [main] Using git "2.49.0" from "git"
2025-03-31 09:52:25.430 [info] [Model][doInitialScan] Initial repository scan started
2025-03-31 09:52:25.430 [info] [Model][doInitialScan] Initial repository scan completed - repositories (0), closed repositories (0), parent repositories (0), unsafe repositories (0)
2025-03-31 09:52:47.932 [info] [main] Log level: Info
2025-03-31 09:52:47.932 [info] [main] Validating found git in: "git"
2025-03-31 09:52:47.932 [info] [main] Using git "2.49.0" from "git"
2025-03-31 09:52:47.932 [info] [Model][doInitialScan] Initial repository scan started
2025-03-31 09:52:47.932 [info] > git rev-parse --show-toplevel [10ms]
2025-03-31 09:52:47.932 [info] fatal: not a git repository (or any of the parent directories): .git
2025-03-31 09:52:48.022 [info] > git rev-parse --show-toplevel [86ms]
2025-03-31 09:52:48.022 [info] fatal: not a git repository (or any of the parent directories): .git
2025-03-31 09:52:48.059 [info] > git rev-parse --show-toplevel [14ms]
2025-03-31 09:52:48.059 [info] fatal: not a git repository (or any of the parent directories): .git
2025-03-31 09:52:48.067 [info] > git rev-parse --show-toplevel [1ms]
2025-03-31 09:52:48.067 [info] fatal: not a git repository (or any of the parent directories): .git
2025-03-31 09:52:48.076 [info] > git rev-parse --show-toplevel [1ms]
2025-03-31 09:52:48.076 [info] fatal: not a git repository (or any of the parent directories): .git
2025-03-31 09:52:48.083 [info] > git rev-parse --show-toplevel [2ms]
2025-03-31 09:52:48.083 [info] fatal: not a git repository (or any of the parent directories): .git
2025-03-31 09:52:48.096 [info] > git rev-parse --show-toplevel [7ms]
2025-03-31 09:52:48.096 [info] fatal: not a git repository (or any of the parent directories): .git
2025-03-31 09:52:48.101 [info] > git rev-parse --show-toplevel [1ms]
2025-03-31 09:52:48.101 [info] fatal: not a git repository (or any of the parent directories): .git
2025-03-31 09:52:48.102 [info] [Model][doInitialScan] Initial repository scan completed - repositories (0), closed repositories (0), parent repositories (0), unsafe repositories (0)
2025-03-31 09:52:48.946 [info] > git rev-parse --show-toplevel [1ms]
2025-03-31 09:52:48.947 [info] fatal: not a git repository (or any of the parent directories): .git
2025-03-31 09:52:51.431 [info] > git rev-parse --show-toplevel [1ms]
2025-03-31 09:52:51.431 [info] fatal: not a git repository (or any of the parent directories): .git
2025-03-31 09:52:56.699 [info] > git rev-parse --show-toplevel [4ms]
2025-03-31 09:52:56.699 [info] fatal: not a git repository (or any of the parent directories): .git
2025-03-31 09:52:56.707 [info] > git rev-parse --show-toplevel [0ms]
2025-03-31 09:52:56.707 [info] fatal: not a git repository (or any of the parent directories): .git
2025-03-31 09:52:56.712 [info] > git rev-parse --show-toplevel [1ms]
2025-03-31 09:52:56.712 [info] fatal: not a git repository (or any of the parent directories): .git
2025-03-31 09:53:44.491 [info] > git rev-parse --show-toplevel [1ms]
2025-03-31 09:53:44.491 [info] fatal: not a git repository (or any of the parent directories): .git
2025-03-31 09:53:44.527 [info] > git rev-parse --show-toplevel [1ms]
2025-03-31 09:53:44.527 [info] fatal: not a git repository (or any of the parent directories): .git
