2025-03-31 09:52:24.990 [info] Extension host with pid 4363 started
2025-03-31 09:52:25.051 [info] ExtensionService#_doActivateExtension vscode.git-base, startup: true, activationEvent: '*', root cause: vscode.git
2025-03-31 09:52:25.056 [info] ExtensionService#_doActivateExtension vscode.git, startup: true, activationEvent: '*'
2025-03-31 09:52:25.113 [info] ExtensionService#_doActivateExtension vscode.github, startup: true, activationEvent: '*'
2025-03-31 09:52:25.162 [info] Eager extensions activated
2025-03-31 09:52:25.170 [info] ExtensionService#_doActivateExtension vscode.debug-auto-launch, startup: false, activationEvent: 'onStartupFinished'
2025-03-31 09:52:25.172 [info] ExtensionService#_doActivateExtension vscode.merge-conflict, startup: false, activationEvent: 'onStartupFinished'
2025-03-31 09:52:25.188 [info] ExtensionService#_doActivateExtension dbaeumer.vscode-eslint, startup: false, activationEvent: 'onStartupFinished'
2025-03-31 09:52:25.245 [info] ExtensionService#_doActivateExtension esbenp.prettier-vscode, startup: false, activationEvent: 'onStartupFinished'
2025-03-31 09:52:25.305 [info] ExtensionService#_doActivateExtension vscodevim.vim, startup: false, activationEvent: 'onStartupFinished'
2025-03-31 09:52:45.964 [info] Extension host terminating: renderer closed the MessagePort
2025-03-31 09:52:45.974 [info] Extension host with pid 4363 exiting with code 0
2025-03-31 09:52:46.922 [info] Extension host with pid 4472 started
2025-03-31 09:52:46.922 [info] Skipping acquiring lock for ~/.config/Code - OSS/User/workspaceStorage/8e36d207d15d8705e1eab70559648a85.
2025-03-31 09:52:47.074 [info] ExtensionService#_doActivateExtension vscode.emmet, startup: false, activationEvent: 'onLanguage'
2025-03-31 09:52:47.098 [info] ExtensionService#_doActivateExtension vscode.extension-editing, startup: false, activationEvent: 'onLanguage:markdown'
2025-03-31 09:52:47.113 [info] ExtensionService#_doActivateExtension vscode.markdown-language-features, startup: false, activationEvent: 'onLanguage:markdown'
2025-03-31 09:52:47.451 [info] ExtensionService#_doActivateExtension vscode.git-base, startup: true, activationEvent: '*', root cause: vscode.git
2025-03-31 09:52:47.541 [info] ExtensionService#_doActivateExtension vscode.git, startup: true, activationEvent: '*'
2025-03-31 09:52:47.603 [info] ExtensionService#_doActivateExtension vscode.github, startup: true, activationEvent: '*'
2025-03-31 09:52:47.625 [info] ExtensionService#_doActivateExtension vscode.markdown-math, startup: false, activationEvent: 'api', root cause: vscode.markdown-language-features
2025-03-31 09:52:47.711 [info] Eager extensions activated
2025-03-31 09:52:47.737 [info] ExtensionService#_doActivateExtension vscode.debug-auto-launch, startup: false, activationEvent: 'onStartupFinished'
2025-03-31 09:52:47.738 [info] ExtensionService#_doActivateExtension vscode.merge-conflict, startup: false, activationEvent: 'onStartupFinished'
2025-03-31 09:52:47.755 [info] ExtensionService#_doActivateExtension dbaeumer.vscode-eslint, startup: false, activationEvent: 'onStartupFinished'
2025-03-31 09:52:47.784 [info] ExtensionService#_doActivateExtension esbenp.prettier-vscode, startup: false, activationEvent: 'onStartupFinished'
2025-03-31 09:52:47.845 [info] ExtensionService#_doActivateExtension vscodevim.vim, startup: false, activationEvent: 'onStartupFinished'
2025-03-31 09:54:16.782 [info] Extension host terminating: renderer closed the MessagePort
2025-03-31 09:54:16.798 [info] Extension host with pid 4472 exiting with code 0
